2024-05-21 00:19:51,698 - my_logger - INFO - clicking cpath:/html/body/div[3]/div[1]/div/div[2]/div/div/div/div/div[2]/div/button[2]
2024-05-21 00:23:09,744 - my_logger - ERROR - No such element found. Message: 
Stacktrace:
	GetHandleVerifier [0x00007FF6DB8C22C2+60002]
	(No symbol) [0x00007FF6DB83CA59]
	(No symbol) [0x00007FF6DB6F7EDA]
	(No symbol) [0x00007FF6DB7476E6]
	(No symbol) [0x00007FF6DB7477AC]
	(No symbol) [0x00007FF6DB78E9D7]
	(No symbol) [0x00007FF6DB76C2CF]
	(No symbol) [0x00007FF6DB78BCC7]
	(No symbol) [0x00007FF6DB76C033]
	(No symbol) [0x00007FF6DB739657]
	(No symbol) [0x00007FF6DB73A251]
	GetHandleVerifier [0x00007FF6DBBD3E2D+3278285]
	GetHandleVerifier [0x00007FF6DBC20190+3590448]
	GetHandleVerifier [0x00007FF6DBC161D0+3549552]
	GetHandleVerifier [0x00007FF6DB971DE6+779654]
	(No symbol) [0x00007FF6DB847ACF]
	(No symbol) [0x00007FF6DB842EE4]
	(No symbol) [0x00007FF6DB843072]
	(No symbol) [0x00007FF6DB832C4F]
	BaseThreadInitThunk [0x00007FF8D2E27344+20]
	RtlUserThreadStart [0x00007FF8D4B426B1+33]

2024-05-21 00:23:24,962 - my_logger - ERROR - No such element found. Message: 
Stacktrace:
	GetHandleVerifier [0x00007FF6DB8C22C2+60002]
	(No symbol) [0x00007FF6DB83CA59]
	(No symbol) [0x00007FF6DB6F7EDA]
	(No symbol) [0x00007FF6DB7476E6]
	(No symbol) [0x00007FF6DB7477AC]
	(No symbol) [0x00007FF6DB78E9D7]
	(No symbol) [0x00007FF6DB76C2CF]
	(No symbol) [0x00007FF6DB78BCC7]
	(No symbol) [0x00007FF6DB76C033]
	(No symbol) [0x00007FF6DB739657]
	(No symbol) [0x00007FF6DB73A251]
	GetHandleVerifier [0x00007FF6DBBD3E2D+3278285]
	GetHandleVerifier [0x00007FF6DBC20190+3590448]
	GetHandleVerifier [0x00007FF6DBC161D0+3549552]
	GetHandleVerifier [0x00007FF6DB971DE6+779654]
	(No symbol) [0x00007FF6DB847ACF]
	(No symbol) [0x00007FF6DB842EE4]
	(No symbol) [0x00007FF6DB843072]
	(No symbol) [0x00007FF6DB832C4F]
	BaseThreadInitThunk [0x00007FF8D2E27344+20]
	RtlUserThreadStart [0x00007FF8D4B426B1+33]

2024-05-21 00:25:20,814 - my_logger - INFO - clicking cpath://button[contains(text(), 'Decline optional cookies')]
